mode: count
github.com/superpowerdotcom/go-medplum-lib/helper.go:17.94,19.13 2 21
github.com/superpowerdotcom/go-medplum-lib/helper.go:19.13,21.3 1 0
github.com/superpowerdotcom/go-medplum-lib/helper.go:23.2,23.41 1 21
github.com/superpowerdotcom/go-medplum-lib/helper.go:26.45,27.13 1 21
github.com/superpowerdotcom/go-medplum-lib/helper.go:27.13,29.3 1 0
github.com/superpowerdotcom/go-medplum-lib/helper.go:31.2,32.26 2 21
github.com/superpowerdotcom/go-medplum-lib/helper.go:32.26,34.3 1 21
github.com/superpowerdotcom/go-medplum-lib/helper.go:36.2,36.32 1 21
github.com/superpowerdotcom/go-medplum-lib/helper.go:39.79,40.48 1 7
github.com/superpowerdotcom/go-medplum-lib/helper.go:40.48,42.3 1 0
github.com/superpowerdotcom/go-medplum-lib/helper.go:44.2,47.24 3 7
github.com/superpowerdotcom/go-medplum-lib/helper.go:47.24,49.3 1 0
github.com/superpowerdotcom/go-medplum-lib/helper.go:51.2,53.22 2 7
github.com/superpowerdotcom/go-medplum-lib/helper.go:53.22,55.3 1 0
github.com/superpowerdotcom/go-medplum-lib/helper.go:57.2,57.23 1 7
github.com/superpowerdotcom/go-medplum-lib/helper.go:60.43,61.27 1 7
github.com/superpowerdotcom/go-medplum-lib/helper.go:61.27,63.3 1 1
github.com/superpowerdotcom/go-medplum-lib/helper.go:65.2,65.25 1 6
github.com/superpowerdotcom/go-medplum-lib/helper.go:65.25,67.3 1 1
github.com/superpowerdotcom/go-medplum-lib/helper.go:69.2,69.29 1 5
github.com/superpowerdotcom/go-medplum-lib/helper.go:69.29,71.3 1 1
github.com/superpowerdotcom/go-medplum-lib/helper.go:73.2,73.25 1 4
github.com/superpowerdotcom/go-medplum-lib/helper.go:73.25,75.3 1 4
github.com/superpowerdotcom/go-medplum-lib/helper.go:77.2,77.27 1 4
github.com/superpowerdotcom/go-medplum-lib/helper.go:77.27,79.3 1 4
github.com/superpowerdotcom/go-medplum-lib/helper.go:81.2,81.60 1 4
github.com/superpowerdotcom/go-medplum-lib/helper.go:81.60,83.3 1 1
github.com/superpowerdotcom/go-medplum-lib/helper.go:85.2,85.12 1 3
github.com/superpowerdotcom/go-medplum-lib/helper.go:88.58,89.21 1 25
github.com/superpowerdotcom/go-medplum-lib/helper.go:89.21,91.3 1 3
github.com/superpowerdotcom/go-medplum-lib/helper.go:94.2,94.35 1 22
github.com/superpowerdotcom/go-medplum-lib/helper.go:94.35,96.3 1 2
github.com/superpowerdotcom/go-medplum-lib/helper.go:98.2,98.12 1 20
github.com/superpowerdotcom/go-medplum-lib/helper.go:101.101,109.16 3 0
github.com/superpowerdotcom/go-medplum-lib/helper.go:109.16,111.3 1 0
github.com/superpowerdotcom/go-medplum-lib/helper.go:113.2,113.20 1 0
github.com/superpowerdotcom/go-medplum-lib/helper.go:113.20,115.3 1 0
github.com/superpowerdotcom/go-medplum-lib/helper.go:117.2,117.35 1 0
github.com/superpowerdotcom/go-medplum-lib/medplum.go:121.43,122.46 1 0
github.com/superpowerdotcom/go-medplum-lib/medplum.go:122.46,124.3 1 0
github.com/superpowerdotcom/go-medplum-lib/medplum.go:126.2,127.16 2 0
github.com/superpowerdotcom/go-medplum-lib/medplum.go:127.16,129.3 1 0
github.com/superpowerdotcom/go-medplum-lib/medplum.go:131.2,134.8 1 0
github.com/superpowerdotcom/go-medplum-lib/medplum.go:138.111,139.16 1 3
github.com/superpowerdotcom/go-medplum-lib/medplum.go:139.16,142.3 2 0
github.com/superpowerdotcom/go-medplum-lib/medplum.go:144.2,144.17 1 3
github.com/superpowerdotcom/go-medplum-lib/medplum.go:144.17,146.3 1 1
github.com/superpowerdotcom/go-medplum-lib/medplum.go:148.2,148.23 1 2
github.com/superpowerdotcom/go-medplum-lib/medplum.go:148.23,150.3 1 1
github.com/superpowerdotcom/go-medplum-lib/medplum.go:152.2,161.40 2 1
github.com/superpowerdotcom/go-medplum-lib/medplum.go:164.104,165.16 1 5
github.com/superpowerdotcom/go-medplum-lib/medplum.go:165.16,168.3 2 0
github.com/superpowerdotcom/go-medplum-lib/medplum.go:170.2,170.48 1 5
github.com/superpowerdotcom/go-medplum-lib/medplum.go:170.48,172.3 1 2
github.com/superpowerdotcom/go-medplum-lib/medplum.go:174.2,175.16 2 3
github.com/superpowerdotcom/go-medplum-lib/medplum.go:175.16,177.3 1 0
github.com/superpowerdotcom/go-medplum-lib/medplum.go:179.2,179.44 1 3
github.com/superpowerdotcom/go-medplum-lib/medplum.go:182.125,183.16 1 8
github.com/superpowerdotcom/go-medplum-lib/medplum.go:183.16,186.3 2 0
github.com/superpowerdotcom/go-medplum-lib/medplum.go:188.2,188.14 1 8
github.com/superpowerdotcom/go-medplum-lib/medplum.go:188.14,190.3 1 1
github.com/superpowerdotcom/go-medplum-lib/medplum.go:192.2,193.16 2 7
github.com/superpowerdotcom/go-medplum-lib/medplum.go:193.16,195.3 1 0
github.com/superpowerdotcom/go-medplum-lib/medplum.go:197.2,198.16 2 7
github.com/superpowerdotcom/go-medplum-lib/medplum.go:198.16,200.3 1 0
github.com/superpowerdotcom/go-medplum-lib/medplum.go:202.2,205.16 3 7
github.com/superpowerdotcom/go-medplum-lib/medplum.go:205.16,207.3 1 0
github.com/superpowerdotcom/go-medplum-lib/medplum.go:209.2,209.35 1 7
github.com/superpowerdotcom/go-medplum-lib/medplum.go:212.132,213.16 1 2
github.com/superpowerdotcom/go-medplum-lib/medplum.go:213.16,216.3 2 0
github.com/superpowerdotcom/go-medplum-lib/medplum.go:218.2,218.14 1 2
github.com/superpowerdotcom/go-medplum-lib/medplum.go:218.14,220.3 1 1
github.com/superpowerdotcom/go-medplum-lib/medplum.go:222.2,223.16 2 1
github.com/superpowerdotcom/go-medplum-lib/medplum.go:223.16,225.3 1 0
github.com/superpowerdotcom/go-medplum-lib/medplum.go:227.2,228.16 2 1
github.com/superpowerdotcom/go-medplum-lib/medplum.go:228.16,230.3 1 0
github.com/superpowerdotcom/go-medplum-lib/medplum.go:232.2,235.16 3 1
github.com/superpowerdotcom/go-medplum-lib/medplum.go:235.16,237.3 1 0
github.com/superpowerdotcom/go-medplum-lib/medplum.go:239.2,239.35 1 1
github.com/superpowerdotcom/go-medplum-lib/medplum.go:242.115,243.16 1 6
github.com/superpowerdotcom/go-medplum-lib/medplum.go:243.16,246.3 2 0
github.com/superpowerdotcom/go-medplum-lib/medplum.go:248.2,248.48 1 6
github.com/superpowerdotcom/go-medplum-lib/medplum.go:248.48,250.3 1 2
github.com/superpowerdotcom/go-medplum-lib/medplum.go:252.2,253.16 2 4
github.com/superpowerdotcom/go-medplum-lib/medplum.go:253.16,255.3 1 0
github.com/superpowerdotcom/go-medplum-lib/medplum.go:258.2,259.16 2 4
github.com/superpowerdotcom/go-medplum-lib/medplum.go:259.16,261.3 1 0
github.com/superpowerdotcom/go-medplum-lib/medplum.go:263.2,264.16 2 4
github.com/superpowerdotcom/go-medplum-lib/medplum.go:264.16,266.3 1 0
github.com/superpowerdotcom/go-medplum-lib/medplum.go:269.2,270.16 2 4
github.com/superpowerdotcom/go-medplum-lib/medplum.go:270.16,272.3 1 0
github.com/superpowerdotcom/go-medplum-lib/medplum.go:274.2,277.16 3 4
github.com/superpowerdotcom/go-medplum-lib/medplum.go:277.16,279.3 1 0
github.com/superpowerdotcom/go-medplum-lib/medplum.go:281.2,281.35 1 4
github.com/superpowerdotcom/go-medplum-lib/medplum.go:284.127,285.16 1 8
github.com/superpowerdotcom/go-medplum-lib/medplum.go:285.16,288.3 2 0
github.com/superpowerdotcom/go-medplum-lib/medplum.go:290.2,291.16 2 8
github.com/superpowerdotcom/go-medplum-lib/medplum.go:291.16,293.3 1 0
github.com/superpowerdotcom/go-medplum-lib/medplum.go:295.2,296.16 2 8
github.com/superpowerdotcom/go-medplum-lib/medplum.go:296.16,298.3 1 0
github.com/superpowerdotcom/go-medplum-lib/medplum.go:300.2,303.16 3 8
github.com/superpowerdotcom/go-medplum-lib/medplum.go:303.16,305.3 1 0
github.com/superpowerdotcom/go-medplum-lib/medplum.go:307.2,307.35 1 8
github.com/superpowerdotcom/go-medplum-lib/medplum.go:319.122,320.16 1 5
github.com/superpowerdotcom/go-medplum-lib/medplum.go:320.16,323.3 2 0
github.com/superpowerdotcom/go-medplum-lib/medplum.go:325.2,326.16 2 5
github.com/superpowerdotcom/go-medplum-lib/medplum.go:326.16,328.3 1 0
github.com/superpowerdotcom/go-medplum-lib/medplum.go:330.2,334.6 4 5
github.com/superpowerdotcom/go-medplum-lib/medplum.go:334.6,337.24 2 8
github.com/superpowerdotcom/go-medplum-lib/medplum.go:337.24,339.4 1 6
github.com/superpowerdotcom/go-medplum-lib/medplum.go:341.3,342.17 2 8
github.com/superpowerdotcom/go-medplum-lib/medplum.go:342.17,344.4 1 0
github.com/superpowerdotcom/go-medplum-lib/medplum.go:346.3,349.17 3 8
github.com/superpowerdotcom/go-medplum-lib/medplum.go:349.17,351.4 1 0
github.com/superpowerdotcom/go-medplum-lib/medplum.go:353.3,354.17 2 8
github.com/superpowerdotcom/go-medplum-lib/medplum.go:354.17,356.4 1 0
github.com/superpowerdotcom/go-medplum-lib/medplum.go:358.3,361.62 2 8
github.com/superpowerdotcom/go-medplum-lib/medplum.go:361.62,378.4 3 2
github.com/superpowerdotcom/go-medplum-lib/medplum.go:381.3,381.85 1 6
github.com/superpowerdotcom/go-medplum-lib/medplum.go:381.85,383.4 1 6
github.com/superpowerdotcom/go-medplum-lib/medplum.go:386.3,388.85 2 6
github.com/superpowerdotcom/go-medplum-lib/medplum.go:388.85,389.67 1 6
github.com/superpowerdotcom/go-medplum-lib/medplum.go:389.67,390.48 1 8
github.com/superpowerdotcom/go-medplum-lib/medplum.go:390.48,393.28 2 3
github.com/superpowerdotcom/go-medplum-lib/medplum.go:393.28,395.7 1 3
github.com/superpowerdotcom/go-medplum-lib/medplum.go:397.6,397.11 1 3
github.com/superpowerdotcom/go-medplum-lib/medplum.go:402.3,402.20 1 6
github.com/superpowerdotcom/go-medplum-lib/medplum.go:402.20,403.9 1 3
github.com/superpowerdotcom/go-medplum-lib/medplum.go:406.3,406.24 1 3
github.com/superpowerdotcom/go-medplum-lib/medplum.go:410.2,423.8 3 3
github.com/superpowerdotcom/go-medplum-lib/medplum.go:426.102,427.16 1 1
github.com/superpowerdotcom/go-medplum-lib/medplum.go:427.16,430.3 2 0
github.com/superpowerdotcom/go-medplum-lib/medplum.go:432.2,432.30 1 1
github.com/superpowerdotcom/go-medplum-lib/medplum.go:439.114,440.16 1 7
github.com/superpowerdotcom/go-medplum-lib/medplum.go:440.16,443.3 2 0
github.com/superpowerdotcom/go-medplum-lib/medplum.go:445.2,445.48 1 7
github.com/superpowerdotcom/go-medplum-lib/medplum.go:445.48,447.3 1 1
github.com/superpowerdotcom/go-medplum-lib/medplum.go:450.2,451.16 2 6
github.com/superpowerdotcom/go-medplum-lib/medplum.go:451.16,453.3 1 0
github.com/superpowerdotcom/go-medplum-lib/medplum.go:455.2,456.16 2 6
github.com/superpowerdotcom/go-medplum-lib/medplum.go:456.16,458.3 1 0
github.com/superpowerdotcom/go-medplum-lib/medplum.go:460.2,462.23 2 6
github.com/superpowerdotcom/go-medplum-lib/medplum.go:462.23,464.3 1 4
github.com/superpowerdotcom/go-medplum-lib/medplum.go:467.2,468.16 2 6
github.com/superpowerdotcom/go-medplum-lib/medplum.go:468.16,470.3 1 0
github.com/superpowerdotcom/go-medplum-lib/medplum.go:474.2,477.16 3 6
github.com/superpowerdotcom/go-medplum-lib/medplum.go:477.16,479.3 1 0
github.com/superpowerdotcom/go-medplum-lib/medplum.go:481.2,482.16 2 6
github.com/superpowerdotcom/go-medplum-lib/medplum.go:482.16,484.3 1 0
github.com/superpowerdotcom/go-medplum-lib/medplum.go:486.2,486.20 1 6
github.com/superpowerdotcom/go-medplum-lib/medplum.go:490.40,491.19 1 3
github.com/superpowerdotcom/go-medplum-lib/medplum.go:491.19,494.3 2 1
github.com/superpowerdotcom/go-medplum-lib/medplum.go:496.2,499.37 2 2
github.com/superpowerdotcom/go-medplum-lib/medplum.go:499.37,504.17 3 1
github.com/superpowerdotcom/go-medplum-lib/medplum.go:504.17,506.4 1 0
github.com/superpowerdotcom/go-medplum-lib/medplum.go:508.3,509.17 2 1
github.com/superpowerdotcom/go-medplum-lib/medplum.go:509.17,511.4 1 1
github.com/superpowerdotcom/go-medplum-lib/medplum.go:513.3,513.17 1 1
github.com/superpowerdotcom/go-medplum-lib/medplum.go:513.17,515.60 2 0
github.com/superpowerdotcom/go-medplum-lib/medplum.go:515.60,518.5 2 0
github.com/superpowerdotcom/go-medplum-lib/medplum.go:518.10,520.5 1 0
github.com/superpowerdotcom/go-medplum-lib/medplum.go:521.9,523.4 1 1
github.com/superpowerdotcom/go-medplum-lib/medplum.go:524.8,526.3 1 1
github.com/superpowerdotcom/go-medplum-lib/medplum.go:529.2,529.38 1 2
github.com/superpowerdotcom/go-medplum-lib/medplum.go:529.38,532.48 2 0
github.com/superpowerdotcom/go-medplum-lib/medplum.go:532.48,537.41 4 0
github.com/superpowerdotcom/go-medplum-lib/medplum.go:537.41,539.5 1 0
github.com/superpowerdotcom/go-medplum-lib/medplum.go:541.4,542.35 2 0
github.com/superpowerdotcom/go-medplum-lib/medplum.go:542.35,546.61 3 0
github.com/superpowerdotcom/go-medplum-lib/medplum.go:546.61,549.6 2 0
github.com/superpowerdotcom/go-medplum-lib/medplum.go:549.11,551.6 1 0
github.com/superpowerdotcom/go-medplum-lib/medplum.go:552.10,554.5 1 0
github.com/superpowerdotcom/go-medplum-lib/medplum.go:556.8,558.3 1 2
github.com/superpowerdotcom/go-medplum-lib/medplum.go:561.51,563.2 1 28
github.com/superpowerdotcom/go-medplum-lib/medplum.go:565.76,566.21 1 37
github.com/superpowerdotcom/go-medplum-lib/medplum.go:566.21,568.3 1 1
github.com/superpowerdotcom/go-medplum-lib/medplum.go:571.2,572.16 2 36
github.com/superpowerdotcom/go-medplum-lib/medplum.go:572.16,574.3 1 0
github.com/superpowerdotcom/go-medplum-lib/medplum.go:576.2,583.16 4 36
github.com/superpowerdotcom/go-medplum-lib/medplum.go:583.16,585.3 1 0
github.com/superpowerdotcom/go-medplum-lib/medplum.go:587.2,588.16 2 36
github.com/superpowerdotcom/go-medplum-lib/medplum.go:588.16,589.23 1 6
github.com/superpowerdotcom/go-medplum-lib/medplum.go:589.23,591.4 1 0
github.com/superpowerdotcom/go-medplum-lib/medplum.go:596.2,596.30 1 36
github.com/superpowerdotcom/go-medplum-lib/medplum.go:596.30,598.3 1 6
github.com/superpowerdotcom/go-medplum-lib/medplum.go:600.2,602.64 2 36
github.com/superpowerdotcom/go-medplum-lib/medplum.go:602.64,603.23 1 6
github.com/superpowerdotcom/go-medplum-lib/medplum.go:603.23,605.4 1 0
github.com/superpowerdotcom/go-medplum-lib/medplum.go:608.2,612.8 1 36
